app/build/intermediates/manifest_merge_blame_file/debug/manifest-merger-blame-debug-report.txt
1<?xml version="1.0" encoding="utf-8"?>
2<manifest xmlns:android="http://schemas.android.com/apk/res/android"
3    package="com.example.androiddevchallenge"
4    android:versionCode="1"
5    android:versionName="1.0" >
6
7    <uses-sdk
8        android:minSdkVersion="23"
<<<<<<< Updated upstream
8-->src\main\AndroidManifest.xml
9        android:targetSdkVersion="30" />
9-->src\main\AndroidManifest.xml
10
11    <uses-permission android:name="android.permission.REORDER_TASKS" />
11-->[androidx.test:core:1.3.0] AndroidManifest.xml:24:5-72
11-->[androidx.test:core:1.3.0] AndroidManifest.xml:24:22-69
12
13    <application
13-->src\main\AndroidManifest.xml:5:5-24:19
14        android:allowBackup="true"
14-->src\main\AndroidManifest.xml:6:9-35
15        android:appComponentFactory="androidx.core.app.CoreComponentFactory"
15-->[androidx.core:core:1.5.0-beta01] AndroidManifest.xml:24:18-86
16        android:debuggable="true"
17        android:extractNativeLibs="false"
18        android:icon="@mipmap/ic_launcher"
18-->src\main\AndroidManifest.xml:7:9-43
19        android:label="@string/app_name"
19-->src\main\AndroidManifest.xml:8:9-41
20        android:supportsRtl="true"
20-->src\main\AndroidManifest.xml:9:9-35
21        android:testOnly="true"
22        android:theme="@style/Theme.AndroidDevChallenge" >
22-->src\main\AndroidManifest.xml:10:9-57
23        <activity
23-->src\main\AndroidManifest.xml:11:9-13:48
24            android:name="com.example.androiddevchallenge.ProfileActivity"
24-->src\main\AndroidManifest.xml:12:13-44
25            android:exported="true" />
25-->src\main\AndroidManifest.xml:13:13-36
26        <activity
26-->src\main\AndroidManifest.xml:14:9-23:20
27            android:name="com.example.androiddevchallenge.MainActivity"
27-->src\main\AndroidManifest.xml:15:13-41
28            android:label="@string/app_name"
28-->src\main\AndroidManifest.xml:16:13-45
29            android:theme="@style/Theme.AndroidDevChallenge.NoActionBar" >
29-->src\main\AndroidManifest.xml:17:13-73
30            <intent-filter>
30-->src\main\AndroidManifest.xml:18:13-22:29
31                <action android:name="android.intent.action.MAIN" />
31-->src\main\AndroidManifest.xml:19:17-69
31-->src\main\AndroidManifest.xml:19:25-66
32
33                <category android:name="android.intent.category.LAUNCHER" />
33-->src\main\AndroidManifest.xml:21:17-77
33-->src\main\AndroidManifest.xml:21:27-74
34            </intent-filter>
35        </activity>
36        <activity
36-->[androidx.compose.ui:ui-tooling:1.0.0-beta01] AndroidManifest.xml:25:9-27:39
37            android:name="androidx.compose.ui.tooling.preview.PreviewActivity"
37-->[androidx.compose.ui:ui-tooling:1.0.0-beta01] AndroidManifest.xml:26:13-79
38            android:exported="true" />
38-->[androidx.compose.ui:ui-tooling:1.0.0-beta01] AndroidManifest.xml:27:13-36
39        <activity android:name="androidx.compose.ui.tooling.data.TestActivity" />
39-->[androidx.compose.ui:ui-tooling-data:1.0.0-beta01] AndroidManifest.xml:25:9-82
39-->[androidx.compose.ui:ui-tooling-data:1.0.0-beta01] AndroidManifest.xml:25:19-79
40        <activity
40-->[androidx.test:core:1.3.0] AndroidManifest.xml:27:9-33:20
41            android:name="androidx.test.core.app.InstrumentationActivityInvoker$BootstrapActivity"
41-->[androidx.test:core:1.3.0] AndroidManifest.xml:28:13-99
42            android:theme="@android:style/Theme" >
42-->[androidx.test:core:1.3.0] AndroidManifest.xml:29:13-49
43            <intent-filter>
43-->[androidx.test:core:1.3.0] AndroidManifest.xml:30:13-32:29
44                <action android:name="android.intent.action.MAIN" />
44-->src\main\AndroidManifest.xml:19:17-69
44-->src\main\AndroidManifest.xml:19:25-66
45            </intent-filter>
46        </activity>
47        <activity
47-->[androidx.test:core:1.3.0] AndroidManifest.xml:34:9-40:20
48            android:name="androidx.test.core.app.InstrumentationActivityInvoker$EmptyActivity"
48-->[androidx.test:core:1.3.0] AndroidManifest.xml:35:13-95
49            android:theme="@android:style/Theme" >
49-->[androidx.test:core:1.3.0] AndroidManifest.xml:36:13-49
50            <intent-filter>
50-->[androidx.test:core:1.3.0] AndroidManifest.xml:30:13-32:29
51                <action android:name="android.intent.action.MAIN" />
51-->src\main\AndroidManifest.xml:19:17-69
51-->src\main\AndroidManifest.xml:19:25-66
52            </intent-filter>
53        </activity>
54        <activity
54-->[androidx.test:core:1.3.0] AndroidManifest.xml:41:9-47:20
55            android:name="androidx.test.core.app.InstrumentationActivityInvoker$EmptyFloatingActivity"
55-->[androidx.test:core:1.3.0] AndroidManifest.xml:42:13-103
56            android:theme="@android:style/Theme.Dialog" >
56-->[androidx.test:core:1.3.0] AndroidManifest.xml:43:13-56
57            <intent-filter>
57-->[androidx.test:core:1.3.0] AndroidManifest.xml:30:13-32:29
58                <action android:name="android.intent.action.MAIN" />
58-->src\main\AndroidManifest.xml:19:17-69
58-->src\main\AndroidManifest.xml:19:25-66
59            </intent-filter>
60        </activity>
61    </application>
62
63</manifest>
=======
8-->src\main\AndroidManifest.xml
9        android:targetSdkVersion="30" />
9-->src\main\AndroidManifest.xml
10
11    <permission
11-->[androidx.core:core:1.12.0-alpha05] AndroidManifest.xml:22:5-24:47
12        android:name="com.example.androiddevchallenge.DYNAMIC_RECEIVER_NOT_EXPORTED_PERMISSION"
12-->[androidx.core:core:1.12.0-alpha05] AndroidManifest.xml:23:9-81
13        android:protectionLevel="signature" />
13-->[androidx.core:core:1.12.0-alpha05] AndroidManifest.xml:24:9-44
14
15    <uses-permission android:name="com.example.androiddevchallenge.DYNAMIC_RECEIVER_NOT_EXPORTED_PERMISSION" />
15-->[androidx.core:core:1.12.0-alpha05] AndroidManifest.xml:26:5-97
15-->[androidx.core:core:1.12.0-alpha05] AndroidManifest.xml:26:22-94
16    <uses-permission android:name="android.permission.REORDER_TASKS" />
16-->[androidx.test:core:1.3.0] AndroidManifest.xml:24:5-72
16-->[androidx.test:core:1.3.0] AndroidManifest.xml:24:22-69
17
18    <application
18-->src\main\AndroidManifest.xml:4:5-23:19
19        android:allowBackup="true"
19-->src\main\AndroidManifest.xml:5:9-35
20        android:appComponentFactory="androidx.core.app.CoreComponentFactory"
20-->[androidx.core:core:1.12.0-alpha05] AndroidManifest.xml:28:18-86
21        android:debuggable="true"
22        android:extractNativeLibs="false"
23        android:icon="@mipmap/ic_launcher"
23-->src\main\AndroidManifest.xml:6:9-43
24        android:label="@string/app_name"
24-->src\main\AndroidManifest.xml:7:9-41
25        android:supportsRtl="true"
25-->src\main\AndroidManifest.xml:8:9-35
26        android:theme="@style/Theme.AndroidDevChallenge" >
26-->src\main\AndroidManifest.xml:9:9-57
27        <activity
27-->src\main\AndroidManifest.xml:10:9-12:48
28            android:name="com.example.androiddevchallenge.ProfileActivity"
28-->src\main\AndroidManifest.xml:11:13-44
29            android:exported="true" />
29-->src\main\AndroidManifest.xml:12:13-36
30        <activity
30-->src\main\AndroidManifest.xml:13:9-22:20
31            android:name="com.example.androiddevchallenge.MainActivity"
31-->src\main\AndroidManifest.xml:14:13-41
32            android:label="@string/app_name"
32-->src\main\AndroidManifest.xml:15:13-45
33            android:theme="@style/Theme.AndroidDevChallenge.NoActionBar" >
33-->src\main\AndroidManifest.xml:16:13-73
34            <intent-filter>
34-->src\main\AndroidManifest.xml:17:13-21:29
35                <action android:name="android.intent.action.MAIN" />
35-->src\main\AndroidManifest.xml:18:17-69
35-->src\main\AndroidManifest.xml:18:25-66
36
37                <category android:name="android.intent.category.LAUNCHER" />
37-->src\main\AndroidManifest.xml:20:17-77
37-->src\main\AndroidManifest.xml:20:27-74
38            </intent-filter>
39        </activity>
40        <activity
40-->[androidx.compose.ui:ui-tooling:1.0.0-beta01] AndroidManifest.xml:25:9-27:39
41            android:name="androidx.compose.ui.tooling.preview.PreviewActivity"
41-->[androidx.compose.ui:ui-tooling:1.0.0-beta01] AndroidManifest.xml:26:13-79
42            android:exported="true" />
42-->[androidx.compose.ui:ui-tooling:1.0.0-beta01] AndroidManifest.xml:27:13-36
43        <activity android:name="androidx.compose.ui.tooling.data.TestActivity" />
43-->[androidx.compose.ui:ui-tooling-data:1.0.0-beta01] AndroidManifest.xml:25:9-82
43-->[androidx.compose.ui:ui-tooling-data:1.0.0-beta01] AndroidManifest.xml:25:19-79
44        <activity
44-->[androidx.test:core:1.3.0] AndroidManifest.xml:27:9-33:20
45            android:name="androidx.test.core.app.InstrumentationActivityInvoker$BootstrapActivity"
45-->[androidx.test:core:1.3.0] AndroidManifest.xml:28:13-99
46            android:theme="@android:style/Theme" >
46-->[androidx.test:core:1.3.0] AndroidManifest.xml:29:13-49
47            <intent-filter>
47-->[androidx.test:core:1.3.0] AndroidManifest.xml:30:13-32:29
48                <action android:name="android.intent.action.MAIN" />
48-->src\main\AndroidManifest.xml:18:17-69
48-->src\main\AndroidManifest.xml:18:25-66
49            </intent-filter>
50        </activity>
51        <activity
51-->[androidx.test:core:1.3.0] AndroidManifest.xml:34:9-40:20
52            android:name="androidx.test.core.app.InstrumentationActivityInvoker$EmptyActivity"
52-->[androidx.test:core:1.3.0] AndroidManifest.xml:35:13-95
53            android:theme="@android:style/Theme" >
53-->[androidx.test:core:1.3.0] AndroidManifest.xml:36:13-49
54            <intent-filter>
54-->[androidx.test:core:1.3.0] AndroidManifest.xml:30:13-32:29
55                <action android:name="android.intent.action.MAIN" />
55-->src\main\AndroidManifest.xml:18:17-69
55-->src\main\AndroidManifest.xml:18:25-66
56            </intent-filter>
57        </activity>
58        <activity
58-->[androidx.test:core:1.3.0] AndroidManifest.xml:41:9-47:20
59            android:name="androidx.test.core.app.InstrumentationActivityInvoker$EmptyFloatingActivity"
59-->[androidx.test:core:1.3.0] AndroidManifest.xml:42:13-103
60            android:theme="@android:style/Theme.Dialog" >
60-->[androidx.test:core:1.3.0] AndroidManifest.xml:43:13-56
61            <intent-filter>
61-->[androidx.test:core:1.3.0] AndroidManifest.xml:30:13-32:29
62                <action android:name="android.intent.action.MAIN" />
62-->src\main\AndroidManifest.xml:18:17-69
62-->src\main\AndroidManifest.xml:18:25-66
63            </intent-filter>
64        </activity>
65    </application>
66
67</manifest>
>>>>>>> Stashed changes